<?xml version="1.0" encoding="UTF-8"?>
<!-- Generated by org.testng.reporters.JUnitXMLReporter -->
<testsuite ignored="0" hostname="QT-INBG-LT0237" failures="0" tests="3" name="Default test" time="15.87" errors="0" timestamp="2022-06-16T17:24:54 IST">
  <testcase classname="automobile.mobileapp.launching" name="Lanching_the_Browser" time="6.511"/>
  <testcase classname="automobile.mobileapp.order" name="search" time="3.5"/>
  <testcase classname="automobile.mobileapp.order" name="Order" time="5.767"/>
</testsuite> <!-- Default test -->
