<?xml version="1.0" encoding="UTF-8"?>
<!-- Generated by org.testng.reporters.JUnitXMLReporter -->
<testsuite ignored="0" hostname="QT-INBG-LT0237" failures="0" tests="8" name="Test" time="43.931" errors="0" timestamp="2022-06-16T17:23:03 IST">
  <testcase classname="automobile.mobileapp.launching" name="Lanching_the_Browser" time="6.361"/>
  <testcase classname="automobile.mobileapp.launching" name="Lanching_the_Browser" time="5.046"/>
  <testcase classname="automobile.mobileapp.signin_and_signup" name="Sigup_for_mobiles" time="5.91"/>
  <testcase classname="automobile.mobileapp.launching" name="Lanching_the_Browser" time="5.177"/>
  <testcase classname="automobile.mobileapp.order" name="search" time="3.657"/>
  <testcase classname="automobile.mobileapp.order" name="Order" time="6.064"/>
  <testcase classname="automobile.mobileapp.launching" name="Lanching_the_Browser" time="6.621"/>
  <testcase classname="automobile.mobileapp.contactus" name="contactUs" time="4.999"/>
</testsuite> <!-- Test -->
