<?xml version="1.0" encoding="UTF-8"?>
<testng-results ignored="0" total="3" passed="3" failed="0" skipped="0">
  <reporter-output>
  </reporter-output>
  <suite started-at="2022-06-16T17:24:38 IST" name="Default suite" finished-at="2022-06-16T17:24:54 IST" duration-ms="15870">
    <groups>
    </groups>
    <test started-at="2022-06-16T17:24:38 IST" name="Default test" finished-at="2022-06-16T17:24:54 IST" duration-ms="15870">
      <class name="automobile.mobileapp.order">
        <test-method signature="Lanching_the_Browser()[pri:0, instance:automobile.mobileapp.order@581ac8a8]" started-at="2022-06-16T17:24:38 IST" name="Lanching_the_Browser" finished-at="2022-06-16T17:24:44 IST" duration-ms="6511" status="PASS">
          <reporter-output>
          </reporter-output>
        </test-method> <!-- Lanching_the_Browser -->
        <test-method signature="search()[pri:2, instance:automobile.mobileapp.order@581ac8a8]" started-at="2022-06-16T17:24:44 IST" name="search" finished-at="2022-06-16T17:24:48 IST" duration-ms="3500" status="PASS">
          <reporter-output>
          </reporter-output>
        </test-method> <!-- search -->
        <test-method signature="Order()[pri:3, instance:automobile.mobileapp.order@581ac8a8]" started-at="2022-06-16T17:24:48 IST" name="Order" finished-at="2022-06-16T17:24:54 IST" duration-ms="5767" status="PASS">
          <reporter-output>
          </reporter-output>
        </test-method> <!-- Order -->
      </class> <!-- automobile.mobileapp.order -->
    </test> <!-- Default test -->
  </suite> <!-- Default suite -->
</testng-results>
